<?xml version="1.0" encoding="UTF-8"?>
<testng-results ignored="0" total="1" passed="1" failed="0" skipped="0">
  <reporter-output>
  </reporter-output>
  <suite started-at="2024-03-23T09:48:01 IST" name="Default suite" finished-at="2024-03-23T09:48:24 IST" duration-ms="23029">
    <groups>
    </groups>
    <test started-at="2024-03-23T09:48:01 IST" name="Default test" finished-at="2024-03-23T09:48:24 IST" duration-ms="23029">
      <class name="basic.LeadsTest">
        <test-method signature="CreateLeadsTest()[pri:0, instance:basic.LeadsTest@6af93788]" started-at="2024-03-23T09:48:01 IST" name="CreateLeadsTest" finished-at="2024-03-23T09:48:24 IST" duration-ms="22974" status="PASS">
          <reporter-output>
          </reporter-output>
        </test-method> <!-- CreateLeadsTest -->
      </class> <!-- basic.LeadsTest -->
    </test> <!-- Default test -->
  </suite> <!-- Default suite -->
</testng-results>
